[19-May-2021 04:08:15 PM] DEBUG Enterd in Book 2
[19-May-2021 04:08:15 PM] INFO 12454362748
[19-May-2021 04:08:15 PM] WARNING No entry
[19-May-2021 04:08:15 PM] ERROR No execution
[19-May-2021 04:08:19 PM] DEBUG 24
[19-May-2021 04:08:20 PM] DEBUG Enterd in Book 2
[19-May-2021 04:08:20 PM] INFO 12454362748
[19-May-2021 04:08:20 PM] WARNING No entry
[19-May-2021 04:08:20 PM] ERROR No execution
[19-May-2021 04:08:23 PM] DEBUG 78
[19-May-2021 04:08:24 PM] DEBUG 24
[19-May-2021 04:08:27 PM] DEBUG 90
[19-May-2021 04:08:28 PM] DEBUG 78
[19-May-2021 04:08:31 PM] DEBUG 7
[19-May-2021 04:08:32 PM] DEBUG 90
[19-May-2021 04:08:35 PM] DEBUG 4
[19-May-2021 04:08:36 PM] DEBUG 7
[19-May-2021 04:08:39 PM] DEBUG 7
[19-May-2021 04:08:40 PM] DEBUG 4
[19-May-2021 04:08:43 PM] DEBUG 9
[19-May-2021 04:08:44 PM] DEBUG 7
[19-May-2021 04:08:47 PM] DEBUG 3
[19-May-2021 04:08:48 PM] DEBUG 9
[19-May-2021 04:08:51 PM] DEBUG sg
[19-May-2021 04:08:52 PM] DEBUG 3
[19-May-2021 04:08:56 PM] DEBUG sg
